<?xml version="1.0" encoding="UTF-8"?>
<testng-results ignored="0" total="2" passed="2" failed="0" skipped="0">
  <reporter-output>
  </reporter-output>
  <suite started-at="2025-07-25T15:51:22 IST" name="Suite" finished-at="2025-07-25T15:51:22 IST" duration-ms="51">
    <groups>
    </groups>
    <test started-at="2025-07-25T15:51:22 IST" name="Test" finished-at="2025-07-25T15:51:22 IST" duration-ms="51">
      <class name="pkg1.mvn1_Test">
        <test-method signature="createOrgTest()[pri:0, instance:pkg1.mvn1_Test@34b7ac2f]" started-at="2025-07-25T15:51:22 IST" name="createOrgTest" finished-at="2025-07-25T15:51:22 IST" duration-ms="6" status="PASS">
          <reporter-output>
          </reporter-output>
        </test-method> <!-- createOrgTest -->
        <test-method signature="deleteOrgTest()[pri:0, instance:pkg1.mvn1_Test@34b7ac2f]" started-at="2025-07-25T15:51:22 IST" name="deleteOrgTest" finished-at="2025-07-25T15:51:22 IST" duration-ms="1" status="PASS">
          <reporter-output>
          </reporter-output>
        </test-method> <!-- deleteOrgTest -->
      </class> <!-- pkg1.mvn1_Test -->
    </test> <!-- Test -->
  </suite> <!-- Suite -->
</testng-results>
