<?xml version="1.0" encoding="UTF-8"?>
<testng-results ignored="0" total="1" passed="1" failed="0" skipped="0">
  <reporter-output>
  </reporter-output>
  <suite started-at="2025-07-29T12:35:23 IST" name="Surefire suite" finished-at="2025-07-29T12:35:23 IST" duration-ms="64">
    <groups>
    </groups>
    <test started-at="2025-07-29T12:35:23 IST" name="Surefire test" finished-at="2025-07-29T12:35:23 IST" duration-ms="64">
      <class name="pkg3.Class3">
        <test-method signature="jen()[pri:0, instance:pkg3.Class3@176d53b2]" started-at="2025-07-29T12:35:23 IST" name="jen" finished-at="2025-07-29T12:35:23 IST" duration-ms="9" status="PASS">
          <reporter-output>
          </reporter-output>
        </test-method> <!-- jen -->
      </class> <!-- pkg3.Class3 -->
    </test> <!-- Surefire test -->
  </suite> <!-- Surefire suite -->
</testng-results>
