<?xml version="1.0" encoding="UTF-8"?>
<!-- Generated by org.testng.reporters.JUnitXMLReporter -->
<testsuite ignored="0" hostname="LAPTOP-ILEVVRC8" failures="0" tests="4" name="Surefire test" time="0.06" errors="0" timestamp="2025-07-25T15:30:52 IST">
  <testcase classname="pkg1.mvn1_Test" name="createOrgTest" time="0.004"/>
  <testcase classname="pkg1.mvn1_Test" name="deleteOrgTest" time="0.002"/>
  <testcase classname="pkg2.Mvn2_Test" name="createcontact_Test" time="0.0"/>
  <testcase classname="pkg2.Mvn2_Test" name="deleteContact_Test" time="0.0"/>
</testsuite> <!-- Surefire test -->
