<?xml version="1.0" encoding="UTF-8"?>
<testng-results ignored="0" total="1" passed="1" failed="0" skipped="0">
  <reporter-output>
  </reporter-output>
  <suite started-at="2025-07-25T15:24:07 IST" name="Default suite" finished-at="2025-07-25T15:24:07 IST" duration-ms="54">
    <groups>
    </groups>
    <test started-at="2025-07-25T15:24:07 IST" name="Default test" finished-at="2025-07-25T15:24:07 IST" duration-ms="54">
      <class name="pkg1.mvn1">
        <test-method signature="createOrgTest()[pri:0, instance:pkg1.mvn1@436813f3]" started-at="2025-07-25T15:24:07 IST" name="createOrgTest" finished-at="2025-07-25T15:24:07 IST" duration-ms="9" status="PASS">
          <reporter-output>
          </reporter-output>
        </test-method> <!-- createOrgTest -->
      </class> <!-- pkg1.mvn1 -->
    </test> <!-- Default test -->
  </suite> <!-- Default suite -->
</testng-results>
